<?xml version="1.0" encoding="UTF-8"?>
<testng-results skipped="0" failed="0" total="1" passed="1">
  <reporter-output>
  </reporter-output>
  <suite name="tryout " duration-ms="4335" started-at="2020-05-03T21:39:36Z" finished-at="2020-05-03T21:39:40Z">
    <groups>
    </groups>
    <test name="base" duration-ms="4335" started-at="2020-05-03T21:39:36Z" finished-at="2020-05-03T21:39:40Z">
      <class name="testinggit.NewTest">
        <test-method status="PASS" signature="beforeClass()[pri:0, instance:testinggit.NewTest@2096442d]" name="beforeClass" is-config="true" duration-ms="1803" started-at="2020-05-03T14:39:36Z" finished-at="2020-05-03T14:39:38Z">
          <reporter-output>
          </reporter-output>
        </test-method> <!-- beforeClass -->
        <test-method status="PASS" signature="openMyBlog()[pri:0, instance:testinggit.NewTest@2096442d]" name="openMyBlog" duration-ms="1903" started-at="2020-05-03T14:39:38Z" finished-at="2020-05-03T14:39:40Z">
          <reporter-output>
          </reporter-output>
        </test-method> <!-- openMyBlog -->
        <test-method status="PASS" signature="afterClass()[pri:0, instance:testinggit.NewTest@2096442d]" name="afterClass" is-config="true" duration-ms="620" started-at="2020-05-03T14:39:40Z" finished-at="2020-05-03T14:39:40Z">
          <reporter-output>
          </reporter-output>
        </test-method> <!-- afterClass -->
      </class> <!-- testinggit.NewTest -->
    </test> <!-- base -->
  </suite> <!-- tryout  -->
</testng-results>
