<?xml version="1.0" encoding="UTF-8"?>
<testng-results skipped="0" failed="0" total="1" passed="1">
  <reporter-output>
  </reporter-output>
  <suite name="tryout " duration-ms="4488" started-at="2020-05-03T21:39:16Z" finished-at="2020-05-03T21:39:20Z">
    <groups>
    </groups>
    <test name="base" duration-ms="4488" started-at="2020-05-03T21:39:16Z" finished-at="2020-05-03T21:39:20Z">
      <class name="testinggit.NewTest">
        <test-method status="PASS" signature="beforeClass()[pri:0, instance:testinggit.NewTest@2b98378d]" name="beforeClass" is-config="true" duration-ms="1785" started-at="2020-05-03T14:39:16Z" finished-at="2020-05-03T14:39:18Z">
          <reporter-output>
          </reporter-output>
        </test-method> <!-- beforeClass -->
        <test-method status="PASS" signature="openMyBlog()[pri:0, instance:testinggit.NewTest@2b98378d]" name="openMyBlog" duration-ms="2113" started-at="2020-05-03T14:39:18Z" finished-at="2020-05-03T14:39:20Z">
          <reporter-output>
          </reporter-output>
        </test-method> <!-- openMyBlog -->
        <test-method status="PASS" signature="afterClass()[pri:0, instance:testinggit.NewTest@2b98378d]" name="afterClass" is-config="true" duration-ms="581" started-at="2020-05-03T14:39:20Z" finished-at="2020-05-03T14:39:20Z">
          <reporter-output>
          </reporter-output>
        </test-method> <!-- afterClass -->
      </class> <!-- testinggit.NewTest -->
    </test> <!-- base -->
  </suite> <!-- tryout  -->
</testng-results>
